#-----------------------------------------------------------
# Vivado v2021.1 (64-bit)
# SW Build 3247384 on Thu Jun 10 19:36:07 MDT 2021
# IP Build 3246043 on Fri Jun 11 00:30:35 MDT 2021
# Start of session at: Fri Sep 12 16:51:27 2025
# Process ID: 278457
# Current directory: /home/isomoye/projects/pcie_datalink_layer/tb/vivado_sim/pcie_7x_0_ex
# Command line: vivado pcie_7x_0_ex.xpr
# Log file: /home/isomoye/projects/pcie_datalink_layer/tb/vivado_sim/pcie_7x_0_ex/vivado.log
# Journal file: /home/isomoye/projects/pcie_datalink_layer/tb/vivado_sim/pcie_7x_0_ex/vivado.jou
#-----------------------------------------------------------
start_gui
open_project pcie_7x_0_ex.xpr
INFO: [Project 1-313] Project file moved from '/tools/C/research/pcie/pcie_datalink_layer/tb/vivado_sim/pcie_7x_0_ex' since last save.
WARNING: [filemgmt 56-3] Board Part Repository Path: Could not find the directory '/home/MSUCAP/idris.somoye/.Xilinx/Vivado/2022.1/xhub/board_store/xilinx_board_store'.
CRITICAL WARNING: [Project 1-505] Unrecognized Option Name EnableResourceEstimation
CRITICAL WARNING: [Project 1-505] Unrecognized Option Name LocalIPRepoLeafDirName
CRITICAL WARNING: [Project 1-311] Could not find the file '/home/isomoye/projects/pcie_datalink_layer/build/fusesoc_pcie_pcie_kc705_1.0.0/xsim_v-xsim/src/fusesoc_pcie_axis_1.0.0/rtl/arbiter.v', nor could it be found using path '/tools/C/research/pcie/pcie_datalink_layer/build/fusesoc_pcie_pcie_kc705_1.0.0/xsim_v-xsim/src/fusesoc_pcie_axis_1.0.0/rtl/arbiter.v'.
CRITICAL WARNING: [Project 1-311] Could not find the file '/home/isomoye/projects/pcie_datalink_layer/build/fusesoc_pcie_pcie_kc705_1.0.0/xsim_v-xsim/src/fusesoc_pcie_axis_1.0.0/rtl/axis_adapter.v', nor could it be found using path '/tools/C/research/pcie/pcie_datalink_layer/build/fusesoc_pcie_pcie_kc705_1.0.0/xsim_v-xsim/src/fusesoc_pcie_axis_1.0.0/rtl/axis_adapter.v'.
CRITICAL WARNING: [Project 1-311] Could not find the file '/home/isomoye/projects/pcie_datalink_layer/build/fusesoc_pcie_pcie_kc705_1.0.0/xsim_v-xsim/src/fusesoc_pcie_axis_1.0.0/rtl/axis_arb_mux.v', nor could it be found using path '/tools/C/research/pcie/pcie_datalink_layer/build/fusesoc_pcie_pcie_kc705_1.0.0/xsim_v-xsim/src/fusesoc_pcie_axis_1.0.0/rtl/axis_arb_mux.v'.
CRITICAL WARNING: [Project 1-311] Could not find the file '/home/isomoye/projects/pcie_datalink_layer/build/fusesoc_pcie_pcie_kc705_1.0.0/xsim_v-xsim/src/fusesoc_pcie_axis_1.0.0/rtl/axis_async_fifo.v', nor could it be found using path '/tools/C/research/pcie/pcie_datalink_layer/build/fusesoc_pcie_pcie_kc705_1.0.0/xsim_v-xsim/src/fusesoc_pcie_axis_1.0.0/rtl/axis_async_fifo.v'.
CRITICAL WARNING: [Project 1-311] Could not find the file '/home/isomoye/projects/pcie_datalink_layer/build/fusesoc_pcie_pcie_kc705_1.0.0/xsim_v-xsim/src/fusesoc_pcie_axis_1.0.0/rtl/axis_fifo.v', nor could it be found using path '/tools/C/research/pcie/pcie_datalink_layer/build/fusesoc_pcie_pcie_kc705_1.0.0/xsim_v-xsim/src/fusesoc_pcie_axis_1.0.0/rtl/axis_fifo.v'.
CRITICAL WARNING: [Project 1-311] Could not find the file '/home/isomoye/projects/pcie_datalink_layer/build/fusesoc_pcie_pcie_kc705_1.0.0/xsim_v-xsim/src/fusesoc_pcie_axis_1.0.0/rtl/axis_register.v', nor could it be found using path '/tools/C/research/pcie/pcie_datalink_layer/build/fusesoc_pcie_pcie_kc705_1.0.0/xsim_v-xsim/src/fusesoc_pcie_axis_1.0.0/rtl/axis_register.v'.
CRITICAL WARNING: [Project 1-311] Could not find the file '/home/isomoye/projects/pcie_datalink_layer/build/fusesoc_pcie_pcie_kc705_1.0.0/xsim_v-xsim/src/fusesoc_pcie_crc_1.0.0/pcie_crc8.v', nor could it be found using path '/tools/C/research/pcie/pcie_datalink_layer/build/fusesoc_pcie_pcie_kc705_1.0.0/xsim_v-xsim/src/fusesoc_pcie_crc_1.0.0/pcie_crc8.v'.
CRITICAL WARNING: [Project 1-311] Could not find the file '/home/isomoye/projects/pcie_datalink_layer/build/fusesoc_pcie_pcie_kc705_1.0.0/xsim_v-xsim/src/fusesoc_pcie_crc_1.0.0/pcie_dllp_crc8.v', nor could it be found using path '/tools/C/research/pcie/pcie_datalink_layer/build/fusesoc_pcie_pcie_kc705_1.0.0/xsim_v-xsim/src/fusesoc_pcie_crc_1.0.0/pcie_dllp_crc8.v'.
CRITICAL WARNING: [Project 1-311] Could not find the file '/home/isomoye/projects/pcie_datalink_layer/build/fusesoc_pcie_pcie_kc705_1.0.0/xsim_v-xsim/src/fusesoc_pcie_pipe_wrapper_1.0.0/pipe_wrapper.v', nor could it be found using path '/tools/C/research/pcie/pcie_datalink_layer/build/fusesoc_pcie_pcie_kc705_1.0.0/xsim_v-xsim/src/fusesoc_pcie_pipe_wrapper_1.0.0/pipe_wrapper.v'.
CRITICAL WARNING: [Project 1-311] Could not find the file '/home/isomoye/projects/pcie_datalink_layer/build/fusesoc_pcie_pcie_kc705_1.0.0/xsim_v-xsim/src/fusesoc_pcie_axis_1.0.0/rtl/priority_encoder.v', nor could it be found using path '/tools/C/research/pcie/pcie_datalink_layer/build/fusesoc_pcie_pcie_kc705_1.0.0/xsim_v-xsim/src/fusesoc_pcie_axis_1.0.0/rtl/priority_encoder.v'.
CRITICAL WARNING: [Project 1-311] Could not find the file '/home/isomoye/projects/pcie_datalink_layer/build/fusesoc_pcie_pcie_kc705_1.0.0/xsim_v-xsim/src/fusesoc_pcie_pipe_wrapper_1.0.0/xilinx_pcie_mmcm.v', nor could it be found using path '/tools/C/research/pcie/pcie_datalink_layer/build/fusesoc_pcie_pcie_kc705_1.0.0/xsim_v-xsim/src/fusesoc_pcie_pipe_wrapper_1.0.0/xilinx_pcie_mmcm.v'.
CRITICAL WARNING: [Project 1-311] Could not find the file '/home/isomoye/projects/pcie_datalink_layer/build/fusesoc_pcie_pcie_kc705_1.0.0/xsim_v-xsim/src/fusesoc_pcie_packages_1.0.0/pcie_datalink_pkg.sv', nor could it be found using path '/tools/C/research/pcie/pcie_datalink_layer/build/fusesoc_pcie_pcie_kc705_1.0.0/xsim_v-xsim/src/fusesoc_pcie_packages_1.0.0/pcie_datalink_pkg.sv'.
CRITICAL WARNING: [Project 1-311] Could not find the file '/home/isomoye/projects/pcie_datalink_layer/build/fusesoc_pcie_pcie_kc705_1.0.0/xsim_v-xsim/src/fusesoc_pcie_dllp_transmit_1.0.0/axis_retry_fifo.sv', nor could it be found using path '/tools/C/research/pcie/pcie_datalink_layer/build/fusesoc_pcie_pcie_kc705_1.0.0/xsim_v-xsim/src/fusesoc_pcie_dllp_transmit_1.0.0/axis_retry_fifo.sv'.
CRITICAL WARNING: [Project 1-311] Could not find the file '/home/isomoye/projects/pcie_datalink_layer/build/fusesoc_pcie_pcie_kc705_1.0.0/xsim_v-xsim/src/fusesoc_pcie_packages_1.0.0/pcie_tlp_pkg.sv', nor could it be found using path '/tools/C/research/pcie/pcie_datalink_layer/build/fusesoc_pcie_pcie_kc705_1.0.0/xsim_v-xsim/src/fusesoc_pcie_packages_1.0.0/pcie_tlp_pkg.sv'.
CRITICAL WARNING: [Project 1-311] Could not find the file '/home/isomoye/projects/pcie_datalink_layer/build/fusesoc_pcie_pcie_kc705_1.0.0/xsim_v-xsim/src/fusesoc_pcie_dllp_receive_1.0.0/axis_user_demux.sv', nor could it be found using path '/tools/C/research/pcie/pcie_datalink_layer/build/fusesoc_pcie_pcie_kc705_1.0.0/xsim_v-xsim/src/fusesoc_pcie_dllp_receive_1.0.0/axis_user_demux.sv'.
CRITICAL WARNING: [Project 1-311] Could not find the file '/home/isomoye/projects/pcie_datalink_layer/build/fusesoc_pcie_pcie_kc705_1.0.0/xsim_v-xsim/src/fusesoc_pcie_packages_1.0.0/pcie_phy_pkg.sv', nor could it be found using path '/tools/C/research/pcie/pcie_datalink_layer/build/fusesoc_pcie_pcie_kc705_1.0.0/xsim_v-xsim/src/fusesoc_pcie_packages_1.0.0/pcie_phy_pkg.sv'.
CRITICAL WARNING: [Project 1-311] Could not find the file '/home/isomoye/projects/pcie_datalink_layer/build/fusesoc_pcie_pcie_kc705_1.0.0/xsim_v-xsim/src/fusesoc_pcie_phy_receive_1.0.0/block_alignment.sv', nor could it be found using path '/tools/C/research/pcie/pcie_datalink_layer/build/fusesoc_pcie_pcie_kc705_1.0.0/xsim_v-xsim/src/fusesoc_pcie_phy_receive_1.0.0/block_alignment.sv'.
CRITICAL WARNING: [Project 1-311] Could not find the file '/home/isomoye/projects/pcie_datalink_layer/build/fusesoc_pcie_pcie_kc705_1.0.0/xsim_v-xsim/src/fusesoc_pcie_phy_scrambler_1.0.0/byte_scramble.sv', nor could it be found using path '/tools/C/research/pcie/pcie_datalink_layer/build/fusesoc_pcie_pcie_kc705_1.0.0/xsim_v-xsim/src/fusesoc_pcie_phy_scrambler_1.0.0/byte_scramble.sv'.
CRITICAL WARNING: [Project 1-311] Could not find the file '/home/isomoye/projects/pcie_datalink_layer/build/fusesoc_pcie_pcie_kc705_1.0.0/xsim_v-xsim/src/fusesoc_pcie_phy_receive_1.0.0/data_handler.sv', nor could it be found using path '/tools/C/research/pcie/pcie_datalink_layer/build/fusesoc_pcie_pcie_kc705_1.0.0/xsim_v-xsim/src/fusesoc_pcie_phy_receive_1.0.0/data_handler.sv'.
CRITICAL WARNING: [Project 1-311] Could not find the file '/home/isomoye/projects/pcie_datalink_layer/build/fusesoc_pcie_pcie_kc705_1.0.0/xsim_v-xsim/src/fusesoc_pcie_dllp_receive_1.0.0/dllp2tlp.sv', nor could it be found using path '/tools/C/research/pcie/pcie_datalink_layer/build/fusesoc_pcie_pcie_kc705_1.0.0/xsim_v-xsim/src/fusesoc_pcie_dllp_receive_1.0.0/dllp2tlp.sv'.
CRITICAL WARNING: [Project 1-311] Could not find the file '/home/isomoye/projects/pcie_datalink_layer/build/fusesoc_pcie_pcie_kc705_1.0.0/xsim_v-xsim/src/fusesoc_pcie_dllp_receive_1.0.0/dllp_fc_update.sv', nor could it be found using path '/tools/C/research/pcie/pcie_datalink_layer/build/fusesoc_pcie_pcie_kc705_1.0.0/xsim_v-xsim/src/fusesoc_pcie_dllp_receive_1.0.0/dllp_fc_update.sv'.
CRITICAL WARNING: [Project 1-311] Could not find the file '/home/isomoye/projects/pcie_datalink_layer/build/fusesoc_pcie_pcie_kc705_1.0.0/xsim_v-xsim/src/fusesoc_pcie_dllp_receive_1.0.0/dllp_handler.sv', nor could it be found using path '/tools/C/research/pcie/pcie_datalink_layer/build/fusesoc_pcie_pcie_kc705_1.0.0/xsim_v-xsim/src/fusesoc_pcie_dllp_receive_1.0.0/dllp_handler.sv'.
CRITICAL WARNING: [Project 1-311] Could not find the file '/home/isomoye/projects/pcie_datalink_layer/build/fusesoc_pcie_pcie_kc705_1.0.0/xsim_v-xsim/src/fusesoc_pcie_pcie_config_1.0.0/pcie_config_reg_pkg.sv', nor could it be found using path '/tools/C/research/pcie/pcie_datalink_layer/build/fusesoc_pcie_pcie_kc705_1.0.0/xsim_v-xsim/src/fusesoc_pcie_pcie_config_1.0.0/pcie_config_reg_pkg.sv'.
CRITICAL WARNING: [Project 1-311] Could not find the file '/home/isomoye/projects/pcie_datalink_layer/build/fusesoc_pcie_pcie_kc705_1.0.0/xsim_v-xsim/src/fusesoc_pcie_dllp_receive_1.0.0/dllp_receive.sv', nor could it be found using path '/tools/C/research/pcie/pcie_datalink_layer/build/fusesoc_pcie_pcie_kc705_1.0.0/xsim_v-xsim/src/fusesoc_pcie_dllp_receive_1.0.0/dllp_receive.sv'.
CRITICAL WARNING: [Project 1-311] Could not find the file '/home/isomoye/projects/pcie_datalink_layer/build/fusesoc_pcie_pcie_kc705_1.0.0/xsim_v-xsim/src/fusesoc_pcie_dllp_transmit_1.0.0/dllp_transmit.sv', nor could it be found using path '/tools/C/research/pcie/pcie_datalink_layer/build/fusesoc_pcie_pcie_kc705_1.0.0/xsim_v-xsim/src/fusesoc_pcie_dllp_transmit_1.0.0/dllp_transmit.sv'.
CRITICAL WARNING: [Project 1-311] Could not find the file '/home/isomoye/projects/pcie_datalink_layer/build/fusesoc_pcie_pcie_kc705_1.0.0/xsim_v-xsim/src/fusesoc_pcie_phy_transmit_1.0.0/frame_symbols.sv', nor could it be found using path '/tools/C/research/pcie/pcie_datalink_layer/build/fusesoc_pcie_pcie_kc705_1.0.0/xsim_v-xsim/src/fusesoc_pcie_phy_transmit_1.0.0/frame_symbols.sv'.
CRITICAL WARNING: [Project 1-311] Could not find the file '/home/isomoye/projects/pcie_datalink_layer/build/fusesoc_pcie_pcie_kc705_1.0.0/xsim_v-xsim/src/fusesoc_pcie_phy_scrambler_1.0.0/gen1_scramble.sv', nor could it be found using path '/tools/C/research/pcie/pcie_datalink_layer/build/fusesoc_pcie_pcie_kc705_1.0.0/xsim_v-xsim/src/fusesoc_pcie_phy_scrambler_1.0.0/gen1_scramble.sv'.
CRITICAL WARNING: [Project 1-311] Could not find the file '/home/isomoye/projects/pcie_datalink_layer/build/fusesoc_pcie_pcie_kc705_1.0.0/xsim_v-xsim/src/fusesoc_pcie_phy_scrambler_1.0.0/gen3_byte_scramble.sv', nor could it be found using path '/tools/C/research/pcie/pcie_datalink_layer/build/fusesoc_pcie_pcie_kc705_1.0.0/xsim_v-xsim/src/fusesoc_pcie_phy_scrambler_1.0.0/gen3_byte_scramble.sv'.
CRITICAL WARNING: [Project 1-311] Could not find the file '/home/isomoye/projects/pcie_datalink_layer/build/fusesoc_pcie_pcie_kc705_1.0.0/xsim_v-xsim/src/fusesoc_pcie_phy_scrambler_1.0.0/gen3_scramble.sv', nor could it be found using path '/tools/C/research/pcie/pcie_datalink_layer/build/fusesoc_pcie_pcie_kc705_1.0.0/xsim_v-xsim/src/fusesoc_pcie_phy_scrambler_1.0.0/gen3_scramble.sv'.
CRITICAL WARNING: [Project 1-311] Could not find the file '/home/isomoye/projects/pcie_datalink_layer/build/fusesoc_pcie_pcie_kc705_1.0.0/xsim_v-xsim/src/fusesoc_pcie_phy_transmit_1.0.0/lane_management.sv', nor could it be found using path '/tools/C/research/pcie/pcie_datalink_layer/build/fusesoc_pcie_pcie_kc705_1.0.0/xsim_v-xsim/src/fusesoc_pcie_phy_transmit_1.0.0/lane_management.sv'.
CRITICAL WARNING: [Project 1-311] Could not find the file '/home/isomoye/projects/pcie_datalink_layer/build/fusesoc_pcie_pcie_kc705_1.0.0/xsim_v-xsim/src/fusesoc_pcie_phy_receive_1.0.0/ordered_set_handler.sv', nor could it be found using path '/tools/C/research/pcie/pcie_datalink_layer/build/fusesoc_pcie_pcie_kc705_1.0.0/xsim_v-xsim/src/fusesoc_pcie_phy_receive_1.0.0/ordered_set_handler.sv'.
CRITICAL WARNING: [Project 1-311] Could not find the file '/home/isomoye/projects/pcie_datalink_layer/build/fusesoc_pcie_pcie_kc705_1.0.0/xsim_v-xsim/src/fusesoc_pcie_phy_transmit_1.0.0/os_generator.sv', nor could it be found using path '/tools/C/research/pcie/pcie_datalink_layer/build/fusesoc_pcie_pcie_kc705_1.0.0/xsim_v-xsim/src/fusesoc_pcie_phy_transmit_1.0.0/os_generator.sv'.
CRITICAL WARNING: [Project 1-311] Could not find the file '/home/isomoye/projects/pcie_datalink_layer/build/fusesoc_pcie_pcie_kc705_1.0.0/xsim_v-xsim/src/fusesoc_pcie_phy_receive_1.0.0/pack_data.sv', nor could it be found using path '/tools/C/research/pcie/pcie_datalink_layer/build/fusesoc_pcie_pcie_kc705_1.0.0/xsim_v-xsim/src/fusesoc_pcie_phy_receive_1.0.0/pack_data.sv'.
CRITICAL WARNING: [Project 1-311] Could not find the file '/home/isomoye/projects/pcie_datalink_layer/build/fusesoc_pcie_pcie_kc705_1.0.0/xsim_v-xsim/src/fusesoc_pcie_pcie_config_1.0.0/pcie_cfg_wrapper.sv', nor could it be found using path '/tools/C/research/pcie/pcie_datalink_layer/build/fusesoc_pcie_pcie_kc705_1.0.0/xsim_v-xsim/src/fusesoc_pcie_pcie_config_1.0.0/pcie_cfg_wrapper.sv'.
CRITICAL WARNING: [Project 1-311] Could not find the file '/home/isomoye/projects/pcie_datalink_layer/build/fusesoc_pcie_pcie_kc705_1.0.0/xsim_v-xsim/src/fusesoc_pcie_pcie_config_1.0.0/pcie_config_decode.sv', nor could it be found using path '/tools/C/research/pcie/pcie_datalink_layer/build/fusesoc_pcie_pcie_kc705_1.0.0/xsim_v-xsim/src/fusesoc_pcie_pcie_config_1.0.0/pcie_config_decode.sv'.
CRITICAL WARNING: [Project 1-311] Could not find the file '/home/isomoye/projects/pcie_datalink_layer/build/fusesoc_pcie_pcie_kc705_1.0.0/xsim_v-xsim/src/fusesoc_pcie_pcie_config_1.0.0/pcie_config_handler.sv', nor could it be found using path '/tools/C/research/pcie/pcie_datalink_layer/build/fusesoc_pcie_pcie_kc705_1.0.0/xsim_v-xsim/src/fusesoc_pcie_pcie_config_1.0.0/pcie_config_handler.sv'.
CRITICAL WARNING: [Project 1-311] Could not find the file '/home/isomoye/projects/pcie_datalink_layer/build/fusesoc_pcie_pcie_kc705_1.0.0/xsim_v-xsim/src/fusesoc_pcie_pcie_config_1.0.0/pcie_config_mux.sv', nor could it be found using path '/tools/C/research/pcie/pcie_datalink_layer/build/fusesoc_pcie_pcie_kc705_1.0.0/xsim_v-xsim/src/fusesoc_pcie_pcie_config_1.0.0/pcie_config_mux.sv'.
CRITICAL WARNING: [Project 1-311] Could not find the file '/home/isomoye/projects/pcie_datalink_layer/build/fusesoc_pcie_pcie_kc705_1.0.0/xsim_v-xsim/src/fusesoc_pcie_pcie_config_1.0.0/pcie_config_reg.sv', nor could it be found using path '/tools/C/research/pcie/pcie_datalink_layer/build/fusesoc_pcie_pcie_kc705_1.0.0/xsim_v-xsim/src/fusesoc_pcie_pcie_config_1.0.0/pcie_config_reg.sv'.
CRITICAL WARNING: [Project 1-311] Could not find the file '/home/isomoye/projects/pcie_datalink_layer/build/fusesoc_pcie_pcie_kc705_1.0.0/xsim_v-xsim/src/fusesoc_pcie_crc_1.0.0/pcie_datalink_crc.sv', nor could it be found using path '/tools/C/research/pcie/pcie_datalink_layer/build/fusesoc_pcie_pcie_kc705_1.0.0/xsim_v-xsim/src/fusesoc_pcie_crc_1.0.0/pcie_datalink_crc.sv'.
CRITICAL WARNING: [Project 1-311] Could not find the file '/home/isomoye/projects/pcie_datalink_layer/build/fusesoc_pcie_pcie_kc705_1.0.0/xsim_v-xsim/src/fusesoc_pcie_dllp_core_1.0.0/pcie_datalink_init.sv', nor could it be found using path '/tools/C/research/pcie/pcie_datalink_layer/build/fusesoc_pcie_pcie_kc705_1.0.0/xsim_v-xsim/src/fusesoc_pcie_dllp_core_1.0.0/pcie_datalink_init.sv'.
CRITICAL WARNING: [Project 1-311] Could not find the file '/home/isomoye/projects/pcie_datalink_layer/build/fusesoc_pcie_pcie_kc705_1.0.0/xsim_v-xsim/src/fusesoc_pcie_dllp_core_1.0.0/pcie_datalink_layer.sv', nor could it be found using path '/tools/C/research/pcie/pcie_datalink_layer/build/fusesoc_pcie_pcie_kc705_1.0.0/xsim_v-xsim/src/fusesoc_pcie_dllp_core_1.0.0/pcie_datalink_layer.sv'.
CRITICAL WARNING: [Project 1-311] Could not find the file '/home/isomoye/projects/pcie_datalink_layer/build/fusesoc_pcie_pcie_kc705_1.0.0/xsim_v-xsim/src/fusesoc_pcie_dllp_core_1.0.0/pcie_flow_ctrl_init.sv', nor could it be found using path '/tools/C/research/pcie/pcie_datalink_layer/build/fusesoc_pcie_pcie_kc705_1.0.0/xsim_v-xsim/src/fusesoc_pcie_dllp_core_1.0.0/pcie_flow_ctrl_init.sv'.
CRITICAL WARNING: [Project 1-311] Could not find the file '/home/isomoye/projects/pcie_datalink_layer/build/fusesoc_pcie_pcie_kc705_1.0.0/xsim_v-xsim/src/fusesoc_pcie_crc_1.0.0/pcie_lcrc16.sv', nor could it be found using path '/tools/C/research/pcie/pcie_datalink_layer/build/fusesoc_pcie_pcie_kc705_1.0.0/xsim_v-xsim/src/fusesoc_pcie_crc_1.0.0/pcie_lcrc16.sv'.
CRITICAL WARNING: [Project 1-311] Could not find the file '/home/isomoye/projects/pcie_datalink_layer/build/fusesoc_pcie_pcie_kc705_1.0.0/xsim_v-xsim/src/fusesoc_pcie_ltssm_1.0.0/pcie_ltssm_downstream.sv', nor could it be found using path '/tools/C/research/pcie/pcie_datalink_layer/build/fusesoc_pcie_pcie_kc705_1.0.0/xsim_v-xsim/src/fusesoc_pcie_ltssm_1.0.0/pcie_ltssm_downstream.sv'.
CRITICAL WARNING: [Project 1-311] Could not find the file '/home/isomoye/projects/pcie_datalink_layer/build/fusesoc_pcie_pcie_kc705_1.0.0/xsim_v-xsim/src/fusesoc_pcie_pcie_kc705_1.0.0/src/pcie_phy_core/pcie_phy_top.sv', nor could it be found using path '/tools/C/research/pcie/pcie_datalink_layer/build/fusesoc_pcie_pcie_kc705_1.0.0/xsim_v-xsim/src/fusesoc_pcie_pcie_kc705_1.0.0/src/pcie_phy_core/pcie_phy_top.sv'.
CRITICAL WARNING: [Project 1-311] Could not find the file '/home/isomoye/projects/pcie_datalink_layer/build/fusesoc_pcie_pcie_kc705_1.0.0/xsim_v-xsim/src/fusesoc_pcie_phy_receive_1.0.0/phy_receive.sv', nor could it be found using path '/tools/C/research/pcie/pcie_datalink_layer/build/fusesoc_pcie_pcie_kc705_1.0.0/xsim_v-xsim/src/fusesoc_pcie_phy_receive_1.0.0/phy_receive.sv'.
CRITICAL WARNING: [Project 1-311] Could not find the file '/home/isomoye/projects/pcie_datalink_layer/build/fusesoc_pcie_pcie_kc705_1.0.0/xsim_v-xsim/src/fusesoc_pcie_phy_transmit_1.0.0/phy_transmit.sv', nor could it be found using path '/tools/C/research/pcie/pcie_datalink_layer/build/fusesoc_pcie_pcie_kc705_1.0.0/xsim_v-xsim/src/fusesoc_pcie_phy_transmit_1.0.0/phy_transmit.sv'.
CRITICAL WARNING: [Project 1-311] Could not find the file '/home/isomoye/projects/pcie_datalink_layer/build/fusesoc_pcie_pcie_kc705_1.0.0/xsim_v-xsim/src/fusesoc_pcie_dllp_transmit_1.0.0/retry_management.sv', nor could it be found using path '/tools/C/research/pcie/pcie_datalink_layer/build/fusesoc_pcie_pcie_kc705_1.0.0/xsim_v-xsim/src/fusesoc_pcie_dllp_transmit_1.0.0/retry_management.sv'.
CRITICAL WARNING: [Project 1-311] Could not find the file '/home/isomoye/projects/pcie_datalink_layer/build/fusesoc_pcie_pcie_kc705_1.0.0/xsim_v-xsim/src/fusesoc_pcie_dllp_transmit_1.0.0/retry_transmit.sv', nor could it be found using path '/tools/C/research/pcie/pcie_datalink_layer/build/fusesoc_pcie_pcie_kc705_1.0.0/xsim_v-xsim/src/fusesoc_pcie_dllp_transmit_1.0.0/retry_transmit.sv'.
CRITICAL WARNING: [Project 1-311] Could not find the file '/home/isomoye/projects/pcie_datalink_layer/build/fusesoc_pcie_pcie_kc705_1.0.0/xsim_v-xsim/src/fusesoc_pcie_phy_scrambler_1.0.0/scrambler.sv', nor could it be found using path '/tools/C/research/pcie/pcie_datalink_layer/build/fusesoc_pcie_pcie_kc705_1.0.0/xsim_v-xsim/src/fusesoc_pcie_phy_scrambler_1.0.0/scrambler.sv'.
CRITICAL WARNING: [Project 1-311] Could not find the file '/home/isomoye/projects/pcie_datalink_layer/build/fusesoc_pcie_pcie_kc705_1.0.0/xsim_v-xsim/src/fusesoc_pcie_dllp_transmit_1.0.0/tlp2dllp.sv', nor could it be found using path '/tools/C/research/pcie/pcie_datalink_layer/build/fusesoc_pcie_pcie_kc705_1.0.0/xsim_v-xsim/src/fusesoc_pcie_dllp_transmit_1.0.0/tlp2dllp.sv'.
CRITICAL WARNING: [Project 1-311] Could not find the file '/home/isomoye/projects/pcie_datalink_layer/build/fusesoc_pcie_pcie_kc705_1.0.0/xsim_v-xsim/src/fusesoc_pcie_pcie_kc705_1.0.0/example/pcie_top_kc705.v', nor could it be found using path '/tools/C/research/pcie/pcie_datalink_layer/build/fusesoc_pcie_pcie_kc705_1.0.0/xsim_v-xsim/src/fusesoc_pcie_pcie_kc705_1.0.0/example/pcie_top_kc705.v'.
CRITICAL WARNING: [Project 1-311] Could not find the file '/home/isomoye/projects/pcie_datalink_layer/build/fusesoc_pcie_pcie_kc705_1.0.0/xsim_v-xsim/src/async_fifo_1.1.0-r1/rtl/async_fifo.v', nor could it be found using path '/tools/C/research/pcie/pcie_datalink_layer/build/fusesoc_pcie_pcie_kc705_1.0.0/xsim_v-xsim/src/async_fifo_1.1.0-r1/rtl/async_fifo.v'.
CRITICAL WARNING: [Project 1-311] Could not find the file '/home/isomoye/projects/pcie_datalink_layer/build/fusesoc_pcie_pcie_kc705_1.0.0/xsim_v-xsim/src/async_fifo_1.1.0-r1/rtl/fifomem.v', nor could it be found using path '/tools/C/research/pcie/pcie_datalink_layer/build/fusesoc_pcie_pcie_kc705_1.0.0/xsim_v-xsim/src/async_fifo_1.1.0-r1/rtl/fifomem.v'.
CRITICAL WARNING: [Project 1-311] Could not find the file '/home/isomoye/projects/pcie_datalink_layer/build/fusesoc_pcie_pcie_kc705_1.0.0/xsim_v-xsim/src/async_fifo_1.1.0-r1/rtl/rptr_empty.v', nor could it be found using path '/tools/C/research/pcie/pcie_datalink_layer/build/fusesoc_pcie_pcie_kc705_1.0.0/xsim_v-xsim/src/async_fifo_1.1.0-r1/rtl/rptr_empty.v'.
CRITICAL WARNING: [Project 1-311] Could not find the file '/home/isomoye/projects/pcie_datalink_layer/build/fusesoc_pcie_pcie_kc705_1.0.0/xsim_v-xsim/src/async_fifo_1.1.0-r1/rtl/sync_r2w.v', nor could it be found using path '/tools/C/research/pcie/pcie_datalink_layer/build/fusesoc_pcie_pcie_kc705_1.0.0/xsim_v-xsim/src/async_fifo_1.1.0-r1/rtl/sync_r2w.v'.
CRITICAL WARNING: [Project 1-311] Could not find the file '/home/isomoye/projects/pcie_datalink_layer/build/fusesoc_pcie_pcie_kc705_1.0.0/xsim_v-xsim/src/async_fifo_1.1.0-r1/rtl/sync_w2r.v', nor could it be found using path '/tools/C/research/pcie/pcie_datalink_layer/build/fusesoc_pcie_pcie_kc705_1.0.0/xsim_v-xsim/src/async_fifo_1.1.0-r1/rtl/sync_w2r.v'.
CRITICAL WARNING: [Project 1-311] Could not find the file '/home/isomoye/projects/pcie_datalink_layer/build/fusesoc_pcie_pcie_kc705_1.0.0/xsim_v-xsim/src/async_fifo_1.1.0-r1/rtl/wptr_full.v', nor could it be found using path '/tools/C/research/pcie/pcie_datalink_layer/build/fusesoc_pcie_pcie_kc705_1.0.0/xsim_v-xsim/src/async_fifo_1.1.0-r1/rtl/wptr_full.v'.
CRITICAL WARNING: [Project 1-311] Could not find the file '/home/isomoye/projects/pcie_datalink_layer/build/fusesoc_pcie_pcie_kc705_1.0.0/xsim_v-xsim/src/async_fifo_1.1.0-r1/rtl/async_bidir_fifo.v', nor could it be found using path '/tools/C/research/pcie/pcie_datalink_layer/build/fusesoc_pcie_pcie_kc705_1.0.0/xsim_v-xsim/src/async_fifo_1.1.0-r1/rtl/async_bidir_fifo.v'.
CRITICAL WARNING: [Project 1-311] Could not find the file '/home/isomoye/projects/pcie_datalink_layer/build/fusesoc_pcie_pcie_kc705_1.0.0/xsim_v-xsim/src/async_fifo_1.1.0-r1/rtl/async_bidir_ramif_fifo.v', nor could it be found using path '/tools/C/research/pcie/pcie_datalink_layer/build/fusesoc_pcie_pcie_kc705_1.0.0/xsim_v-xsim/src/async_fifo_1.1.0-r1/rtl/async_bidir_ramif_fifo.v'.
CRITICAL WARNING: [Project 1-311] Could not find the file '/home/isomoye/projects/pcie_datalink_layer/build/fusesoc_pcie_pcie_kc705_1.0.0/xsim_v-xsim/src/async_fifo_1.1.0-r1/rtl/fifomem_dp.v', nor could it be found using path '/tools/C/research/pcie/pcie_datalink_layer/build/fusesoc_pcie_pcie_kc705_1.0.0/xsim_v-xsim/src/async_fifo_1.1.0-r1/rtl/fifomem_dp.v'.
CRITICAL WARNING: [Project 1-311] Could not find the file '/home/isomoye/projects/pcie_datalink_layer/build/fusesoc_pcie_pcie_kc705_1.0.0/xsim_v-xsim/src/async_fifo_1.1.0-r1/rtl/sync_ptr.v', nor could it be found using path '/tools/C/research/pcie/pcie_datalink_layer/build/fusesoc_pcie_pcie_kc705_1.0.0/xsim_v-xsim/src/async_fifo_1.1.0-r1/rtl/sync_ptr.v'.
CRITICAL WARNING: [Project 1-311] Could not find the file '/home/isomoye/projects/pcie_datalink_layer/build/fusesoc_pcie_pcie_kc705_1.0.0/xsim_v-xsim/src/fusesoc_pcie_crc_1.0.0/Crc16Gen.sv', nor could it be found using path '/tools/C/research/pcie/pcie_datalink_layer/build/fusesoc_pcie_pcie_kc705_1.0.0/xsim_v-xsim/src/fusesoc_pcie_crc_1.0.0/Crc16Gen.sv'.
CRITICAL WARNING: [Project 1-311] Could not find the file '/home/isomoye/projects/pcie_datalink_layer/build/fusesoc_pcie_pcie_kc705_1.0.0/xsim_v-xsim/src/fusesoc_pcie_bram_1.0.0/bram_dp.sv', nor could it be found using path '/tools/C/research/pcie/pcie_datalink_layer/build/fusesoc_pcie_pcie_kc705_1.0.0/xsim_v-xsim/src/fusesoc_pcie_bram_1.0.0/bram_dp.sv'.
CRITICAL WARNING: [Project 1-311] Could not find the file '/home/isomoye/projects/pcie_datalink_layer/build/fusesoc_pcie_pcie_kc705_1.0.0/xsim_v-xsim/src/fusesoc_pcie_bram_1.0.0/bram_sp.sv', nor could it be found using path '/tools/C/research/pcie/pcie_datalink_layer/build/fusesoc_pcie_pcie_kc705_1.0.0/xsim_v-xsim/src/fusesoc_pcie_bram_1.0.0/bram_sp.sv'.
CRITICAL WARNING: [Project 1-311] Could not find the file '/home/isomoye/projects/pcie_datalink_layer/build/fusesoc_pcie_pcie_kc705_1.0.0/xsim_v-xsim/src/fusesoc_pcie_crc_1.0.0/pcie_lcrc32.sv', nor could it be found using path '/tools/C/research/pcie/pcie_datalink_layer/build/fusesoc_pcie_pcie_kc705_1.0.0/xsim_v-xsim/src/fusesoc_pcie_crc_1.0.0/pcie_lcrc32.sv'.
CRITICAL WARNING: [Project 1-311] Could not find the file '/home/isomoye/projects/pcie_datalink_layer/build/fusesoc_pcie_pcie_kc705_1.0.0/xsim_v-xsim/src/fusesoc_pcie_phy_receive_1.0.0/synchronous_fifo.sv', nor could it be found using path '/tools/C/research/pcie/pcie_datalink_layer/build/fusesoc_pcie_pcie_kc705_1.0.0/xsim_v-xsim/src/fusesoc_pcie_phy_receive_1.0.0/synchronous_fifo.sv'.
CRITICAL WARNING: [Project 1-311] Could not find the file '/home/isomoye/projects/pcie_datalink_layer/build/fusesoc_pcie_pcie_kc705_1.0.0/xsim_v-xsim/src/fusesoc_verilog-pcie_1.0.0_0/rtl/pcie_tlp_fifo_raw.v', nor could it be found using path '/tools/C/research/pcie/pcie_datalink_layer/build/fusesoc_pcie_pcie_kc705_1.0.0/xsim_v-xsim/src/fusesoc_verilog-pcie_1.0.0_0/rtl/pcie_tlp_fifo_raw.v'.
CRITICAL WARNING: [Project 1-311] Could not find the file '/home/isomoye/projects/pcie_datalink_layer/build/fusesoc_pcie_pcie_kc705_1.0.0/xsim_v-xsim/src/fusesoc_verilog-pcie_1.0.0_0/rtl/pcie_tlp_fifo.v', nor could it be found using path '/tools/C/research/pcie/pcie_datalink_layer/build/fusesoc_pcie_pcie_kc705_1.0.0/xsim_v-xsim/src/fusesoc_verilog-pcie_1.0.0_0/rtl/pcie_tlp_fifo.v'.
CRITICAL WARNING: [Project 1-311] Could not find the file '/home/isomoye/projects/pcie_datalink_layer/build/fusesoc_pcie_pcie_kc705_1.0.0/xsim_v-xsim/src/fusesoc_verilog-pcie_1.0.0_0/rtl/pcie_tlp_fifo_mux.v', nor could it be found using path '/tools/C/research/pcie/pcie_datalink_layer/build/fusesoc_pcie_pcie_kc705_1.0.0/xsim_v-xsim/src/fusesoc_verilog-pcie_1.0.0_0/rtl/pcie_tlp_fifo_mux.v'.
CRITICAL WARNING: [Project 1-311] Could not find the file '/home/isomoye/projects/pcie_datalink_layer/build/fusesoc_pcie_pcie_kc705_1.0.0/xsim_v-xsim/src/fusesoc_pcie_converters_1.0.0/pcie_to_axis_converter.sv', nor could it be found using path '/tools/C/research/pcie/pcie_datalink_layer/build/fusesoc_pcie_pcie_kc705_1.0.0/xsim_v-xsim/src/fusesoc_pcie_converters_1.0.0/pcie_to_axis_converter.sv'.
CRITICAL WARNING: [Project 1-311] Could not find the file '/home/isomoye/projects/pcie_datalink_layer/build/fusesoc_pcie_pcie_kc705_1.0.0/xsim_v-xsim/src/fusesoc_pcie_converters_1.0.0/axis_to_pcie_converter.sv', nor could it be found using path '/tools/C/research/pcie/pcie_datalink_layer/build/fusesoc_pcie_pcie_kc705_1.0.0/xsim_v-xsim/src/fusesoc_pcie_converters_1.0.0/axis_to_pcie_converter.sv'.
CRITICAL WARNING: [Project 1-311] Could not find the file '/home/isomoye/projects/pcie_datalink_layer/build/fusesoc_pcie_pcie_kc705_1.0.0/xsim_v-xsim/src/fusesoc_pcie_pcie_kc705_1.0.0/example/pcie_cfg_top.sv', nor could it be found using path '/tools/C/research/pcie/pcie_datalink_layer/build/fusesoc_pcie_pcie_kc705_1.0.0/xsim_v-xsim/src/fusesoc_pcie_pcie_kc705_1.0.0/example/pcie_cfg_top.sv'.
CRITICAL WARNING: [Project 1-311] Could not find the file '/home/isomoye/projects/pcie_datalink_layer/build/fusesoc_pcie_pcie_kc705_1.0.0/xsim_v-xsim/src/fusesoc_pcie_phy_transmit_1.0.0/synchronous_fifo.sv', nor could it be found using path '/tools/C/research/pcie/pcie_datalink_layer/build/fusesoc_pcie_pcie_kc705_1.0.0/xsim_v-xsim/src/fusesoc_pcie_phy_transmit_1.0.0/synchronous_fifo.sv'.
CRITICAL WARNING: [Project 1-311] Could not find the file '/home/isomoye/projects/pcie_datalink_layer/build/fusesoc_pcie_pcie_kc705_1.0.0/xsim_v-xsim/src/fusesoc_pcie_phy_transmit_1.0.0/lfsr.v', nor could it be found using path '/tools/C/research/pcie/pcie_datalink_layer/build/fusesoc_pcie_pcie_kc705_1.0.0/xsim_v-xsim/src/fusesoc_pcie_phy_transmit_1.0.0/lfsr.v'.
CRITICAL WARNING: [Project 1-311] Could not find the file '/home/isomoye/projects/pcie_datalink_layer/build/fusesoc_pcie_pcie_kc705_1.0.0/xsim_v-xsim/src/fusesoc_pcie_phy_transmit_1.0.0/synchronous_lifo.sv', nor could it be found using path '/tools/C/research/pcie/pcie_datalink_layer/build/fusesoc_pcie_pcie_kc705_1.0.0/xsim_v-xsim/src/fusesoc_pcie_phy_transmit_1.0.0/synchronous_lifo.sv'.
CRITICAL WARNING: [Project 1-311] Could not find the file '/home/isomoye/projects/pcie_datalink_layer/build/fusesoc_pcie_pcie_kc705_1.0.0/xsim_v-xsim/src/fusesoc_pcie_pipe_wrapper_1.0.0/pipe_clock.v', nor could it be found using path '/tools/C/research/pcie/pcie_datalink_layer/build/fusesoc_pcie_pcie_kc705_1.0.0/xsim_v-xsim/src/fusesoc_pcie_pipe_wrapper_1.0.0/pipe_clock.v'.
CRITICAL WARNING: [Project 1-311] Could not find the file '/home/isomoye/projects/pcie_datalink_layer/tb/vivado_sim/pcie_7x_0_ex/board_behav.wcfg', nor could it be found using path '/tools/C/research/pcie/pcie_datalink_layer/tb/vivado_sim/pcie_7x_0_ex/board_behav.wcfg'.
Scanning sources...
Finished scanning sources
CRITICAL WARNING: [Project 1-192] Failed to load run synth_1. Strategy Vivado Synthesis Defaults (Vivado Synthesis 2022) not recognized by Vivado. 

CRITICAL WARNING: [Project 1-192] Failed to load run impl_1. Strategy Vivado Implementation Defaults (Vivado Implementation 2022) not recognized by Vivado. 

INFO: [IP_Flow 19-234] Refreshing IP repositories
INFO: [IP_Flow 19-1704] No user IP repositories specified
INFO: [IP_Flow 19-2313] Loaded Vivado IP repository '/opt/Xilinx/Vivado/2021.1/data/ip'.
WARNING: [IP_Flow 19-2162] IP 'pcie_7x_0' is locked:
* Project containing IP 'pcie_7x_0' is read-only. * IP definition '7 Series Integrated Block for PCI Express (3.3)' for IP 'pcie_7x_0' (customized with software release 2022.1) has a different revision in the IP Catalog.
WARNING: [Project 1-231] Project 'pcie_7x_0_ex.xpr' was created with a future version and may or may not perform reliably with this version of Vivado. It has been opened in read-only mode for the protection of unrecognized data. Use 'File | Save Project As...' if you wish to alter a copy of the project.
INFO: [IP_Flow 19-3899] Cannot get the environment domain name variable for the component vendor name. Setting the vendor name to 'user.org'.
open_project: Time (s): cpu = 00:00:15 ; elapsed = 00:00:10 . Memory (MB): peak = 7565.629 ; gain = 59.391 ; free physical = 202 ; free virtual = 2671
update_compile_order -fileset sources_1
set_property source_mgmt_mode DisplayOnly [current_project]
